[debug] [2026-01-30T14:32:35.164Z] ----------------------------------------------------------------------
[debug] [2026-01-30T14:32:35.166Z] Command:       /Users/Personal/.nvm/versions/node/v20.19.4/bin/node /Users/Personal/.nvm/versions/node/v20.19.4/bin/firebase emulators:start --only functions
[debug] [2026-01-30T14:32:35.166Z] CLI Version:   15.4.0
[debug] [2026-01-30T14:32:35.166Z] Platform:      darwin
[debug] [2026-01-30T14:32:35.166Z] Node Version:  v20.19.4
[debug] [2026-01-30T14:32:35.166Z] Time:          Fri Jan 30 2026 22:32:35 GMT+0800 (Malaysia Time)
[debug] [2026-01-30T14:32:35.166Z] ----------------------------------------------------------------------
[debug] 
[debug] [2026-01-30T14:32:35.878Z] > command requires scopes: ["email","openid","https://www.googleapis.com/auth/cloudplatformprojects.readonly","https://www.googleapis.com/auth/firebase","https://www.googleapis.com/auth/cloud-platform"]
[debug] [2026-01-30T14:32:35.878Z] > authorizing via signed-in user (hatemhunish@gmail.com)
[info] i  emulators: Starting emulators: functions {"metadata":{"emulator":{"name":"hub"},"message":"Starting emulators: functions"}}
[debug] [2026-01-30T14:32:36.196Z] [logging] Logging Emulator only supports listening on one address (127.0.0.1). Not listening on ::1
[debug] [2026-01-30T14:32:36.196Z] assigned listening specs for emulators {"user":{"hub":[{"address":"127.0.0.1","family":"IPv4","port":4400},{"address":"::1","family":"IPv6","port":4400}],"ui":[{"address":"127.0.0.1","family":"IPv4","port":4000},{"address":"::1","family":"IPv6","port":4000}],"logging":[{"address":"127.0.0.1","family":"IPv4","port":4500}]},"metadata":{"message":"assigned listening specs for emulators"}}
[debug] [2026-01-30T14:32:36.199Z] Write emulator hub locator at /var/folders/d6/hg5nlknj0qzg46kgp9tsrmph0000gp/T/hub-mealstogo-3caed.json
[debug] [2026-01-30T14:32:36.526Z] [functions] Functions Emulator only supports listening on one address (127.0.0.1). Not listening on ::1
[debug] [2026-01-30T14:32:36.526Z] [eventarc] Eventarc Emulator only supports listening on one address (127.0.0.1). Not listening on ::1
[debug] [2026-01-30T14:32:36.526Z] [tasks] Cloud Tasks Emulator only supports listening on one address (127.0.0.1). Not listening on ::1
[debug] [2026-01-30T14:32:36.526Z] late-assigned ports for functions and eventarc emulators {"user":{"hub":[{"address":"127.0.0.1","family":"IPv4","port":4400},{"address":"::1","family":"IPv6","port":4400}],"ui":[{"address":"127.0.0.1","family":"IPv4","port":4000},{"address":"::1","family":"IPv6","port":4000}],"logging":[{"address":"127.0.0.1","family":"IPv4","port":4500}],"functions":[{"address":"127.0.0.1","family":"IPv4","port":5001}],"eventarc":[{"address":"127.0.0.1","family":"IPv4","port":9299}],"tasks":[{"address":"127.0.0.1","family":"IPv4","port":9499}]},"metadata":{"message":"late-assigned ports for functions and eventarc emulators"}}
[warn] ⚠  functions: The following emulators are not running, calls to these services from the Functions emulator will affect production: apphosting, auth, firestore, database, hosting, pubsub, storage, dataconnect {"metadata":{"emulator":{"name":"functions"},"message":"The following emulators are not running, calls to these services from the Functions emulator will affect production: \u001b[1mapphosting, auth, firestore, database, hosting, pubsub, storage, dataconnect\u001b[22m"}}
[debug] [2026-01-30T14:32:36.538Z] defaultcredentials: writing to file /Users/Personal/.config/firebase/hatemhunish_gmail_com_application_default_credentials.json
[debug] [2026-01-30T14:32:36.539Z] Setting GAC to /Users/Personal/.config/firebase/hatemhunish_gmail_com_application_default_credentials.json {"metadata":{"emulator":{"name":"functions"},"message":"Setting GAC to /Users/Personal/.config/firebase/hatemhunish_gmail_com_application_default_credentials.json"}}
[debug] [2026-01-30T14:32:36.539Z] Checked if tokens are valid: false, expires at: 1769782828063
[debug] [2026-01-30T14:32:36.539Z] Checked if tokens are valid: false, expires at: 1769782828063
[debug] [2026-01-30T14:32:36.539Z] > refreshing access token with scopes: []
[debug] [2026-01-30T14:32:36.540Z] >>> [apiv2][query] POST https://www.googleapis.com/oauth2/v3/token [none]
[debug] [2026-01-30T14:32:36.540Z] >>> [apiv2][body] POST https://www.googleapis.com/oauth2/v3/token [omitted]
[debug] [2026-01-30T14:32:36.675Z] <<< [apiv2][status] POST https://www.googleapis.com/oauth2/v3/token 200
[debug] [2026-01-30T14:32:36.675Z] <<< [apiv2][body] POST https://www.googleapis.com/oauth2/v3/token [omitted]
[debug] [2026-01-30T14:32:36.687Z] >>> [apiv2][query] GET https://firebase.googleapis.com/v1beta1/projects/mealstogo-3caed/adminSdkConfig [none]
[debug] [2026-01-30T14:32:37.078Z] <<< [apiv2][status] GET https://firebase.googleapis.com/v1beta1/projects/mealstogo-3caed/adminSdkConfig 200
[debug] [2026-01-30T14:32:37.079Z] <<< [apiv2][body] GET https://firebase.googleapis.com/v1beta1/projects/mealstogo-3caed/adminSdkConfig {"projectId":"mealstogo-3caed","storageBucket":"mealstogo-3caed.firebasestorage.app"}
[info] i  functions: Watching "/Users/Personal/Desktop/Dev/ReactNative/MealsToGo/functions" for Cloud Functions... {"metadata":{"emulator":{"name":"functions"},"message":"Watching \"/Users/Personal/Desktop/Dev/ReactNative/MealsToGo/functions\" for Cloud Functions..."}}
[debug] [2026-01-30T14:32:37.098Z] Validating nodejs source
[debug] [2026-01-30T14:32:37.597Z] > [functions] package.json contents: {
  "name": "functions",
  "description": "Cloud Functions for Firebase",
  "scripts": {
    "serve": "firebase emulators:start --only functions",
    "shell": "firebase functions:shell",
    "start": "npm run shell",
    "deploy": "firebase deploy --only functions",
    "logs": "firebase functions:log"
  },
  "engines": {
    "node": "20"
  },
  "main": "index.js",
  "dependencies": {
    "@googlemaps/google-maps-services-js": "^3.4.2",
    "firebase-admin": "^13.6.0",
    "firebase-functions": "^7.0.0"
  },
  "devDependencies": {
    "firebase-functions-test": "^3.4.1"
  },
  "private": true
}
[debug] [2026-01-30T14:32:37.597Z] Building nodejs source
[debug] [2026-01-30T14:32:37.597Z] Failed to find version of module node: reached end of search path /Users/Personal/Desktop/Dev/ReactNative/MealsToGo/functions/node_modules
[info] ✔  functions: Using node@20 from host. 
[info] i  functions: Loaded environment variables from .env. 
[debug] [2026-01-30T14:32:37.599Z] Could not find functions.yaml. Must use http discovery
[debug] [2026-01-30T14:32:37.603Z] Found firebase-functions binary at '/Users/Personal/Desktop/Dev/ReactNative/MealsToGo/functions/node_modules/.bin/firebase-functions'
[info] Serving at port 8607

[debug] [2026-01-30T14:32:38.012Z] Got response from /__/functions.yaml {"endpoints":{"api":{"availableMemoryMb":null,"timeoutSeconds":null,"minInstances":null,"maxInstances":10,"ingressSettings":null,"concurrency":null,"serviceAccountEmail":null,"vpc":null,"platform":"gcfv2","labels":{},"httpsTrigger":{},"entryPoint":"api"}},"specVersion":"v1alpha1","requiredAPIs":[],"extensions":{}}
[info] ✔  functions: Loaded functions definitions from source: api. {"metadata":{"emulator":{"name":"functions"},"message":"Loaded functions definitions from source: api."}}
[info] ✔  functions[us-central1-api]: http function initialized (http://127.0.0.1:5001/mealstogo-3caed/us-central1/api). {"metadata":{"emulator":{"name":"functions"},"message":"\u001b[1mhttp\u001b[22m function initialized (http://127.0.0.1:5001/mealstogo-3caed/us-central1/api)."}}
[debug] [2026-01-30T14:32:42.044Z] Could not find VSCode notification endpoint: FetchError: request to http://localhost:40001/vscode/notify failed, reason: . If you are not running the Firebase Data Connect VSCode extension, this is expected and not an issue.
[info] 
┌─────────────────────────────────────────────────────────────┐
│ ✔  All emulators ready! It is now safe to connect your app. │
│ i  View Emulator UI at http://127.0.0.1:4000/               │
└─────────────────────────────────────────────────────────────┘

┌───────────┬────────────────┬─────────────────────────────────┐
│ Emulator  │ Host:Port      │ View in Emulator UI             │
├───────────┼────────────────┼─────────────────────────────────┤
│ Functions │ 127.0.0.1:5001 │ http://127.0.0.1:4000/functions │
└───────────┴────────────────┴─────────────────────────────────┘
  Emulator Hub host: 127.0.0.1 port: 4400
  Other reserved ports: 4500

Issues? Report them at https://github.com/firebase/firebase-tools/issues and attach the *-debug.log files.
 
[debug] [2026-01-30T14:32:45.956Z] [work-queue] {"queuedWork":["/mealstogo-3caed/us-central1/api//infinite-loop-2026-01-30T14:32:45.956Z"],"queueLength":1,"runningWork":[],"workRunningCount":0}
[debug] [2026-01-30T14:32:45.957Z] [work-queue] {"queuedWork":[],"queueLength":0,"runningWork":["/mealstogo-3caed/us-central1/api//infinite-loop-2026-01-30T14:32:45.956Z"],"workRunningCount":1}
[debug] [2026-01-30T14:32:45.957Z] Accepted request GET /mealstogo-3caed/us-central1/api//infinite-loop --> us-central1-api
[debug] [2026-01-30T14:32:45.957Z] [functions] Runtime ready! Sending request! {"metadata":{"emulator":{"name":"functions"},"message":"[functions] Runtime ready! Sending request!"}}
[debug] [2026-01-30T14:32:45.958Z] [functions] Got req.url=/mealstogo-3caed/us-central1/api//infinite-loop, mapping to path=//infinite-loop {"metadata":{"emulator":{"name":"functions"},"message":"[functions] Got req.url=/mealstogo-3caed/us-central1/api//infinite-loop, mapping to path=//infinite-loop"}}
[info] i  functions: Loaded environment variables from .env. 
[debug] [2026-01-30T14:32:45.961Z] [worker-pool] addWorker(us-central1-api) {"metadata":{"emulator":{"name":"functions"},"message":"[worker-pool] addWorker(us-central1-api)"}}
[debug] [2026-01-30T14:32:45.961Z] [worker-pool] Adding worker with key us-central1-api, total=1 {"metadata":{"emulator":{"name":"functions"},"message":"[worker-pool] Adding worker with key us-central1-api, total=1"}}
[debug] [2026-01-30T14:32:46.494Z] [runtime-status] [70354] Resolved module firebase-admin {"declared":true,"installed":true,"version":"13.6.0","resolution":"/Users/Personal/Desktop/Dev/ReactNative/MealsToGo/functions/node_modules/firebase-admin/lib/index.js"} {"metadata":{"emulator":{"name":"functions"},"function":{"name":"us-central1-api"},"extension":{},"message":"[runtime-status] [70354] Resolved module firebase-admin {\"declared\":true,\"installed\":true,\"version\":\"13.6.0\",\"resolution\":\"/Users/Personal/Desktop/Dev/ReactNative/MealsToGo/functions/node_modules/firebase-admin/lib/index.js\"}"}}
[debug] [2026-01-30T14:32:46.494Z] [runtime-status] [70354] Resolved module firebase-functions {"declared":true,"installed":true,"version":"7.0.5","resolution":"/Users/Personal/Desktop/Dev/ReactNative/MealsToGo/functions/node_modules/firebase-functions/lib/v2/index.js"} {"metadata":{"emulator":{"name":"functions"},"function":{"name":"us-central1-api"},"extension":{},"message":"[runtime-status] [70354] Resolved module firebase-functions {\"declared\":true,\"installed\":true,\"version\":\"7.0.5\",\"resolution\":\"/Users/Personal/Desktop/Dev/ReactNative/MealsToGo/functions/node_modules/firebase-functions/lib/v2/index.js\"}"}}
[debug] [2026-01-30T14:32:46.494Z] [runtime-status] [70354] Outgoing network have been stubbed. [{"name":"http","status":"mocked"},{"name":"http","status":"mocked"},{"name":"https","status":"mocked"},{"name":"https","status":"mocked"},{"name":"net","status":"mocked"}] {"metadata":{"emulator":{"name":"functions"},"function":{"name":"us-central1-api"},"extension":{},"message":"[runtime-status] [70354] Outgoing network have been stubbed. [{\"name\":\"http\",\"status\":\"mocked\"},{\"name\":\"http\",\"status\":\"mocked\"},{\"name\":\"https\",\"status\":\"mocked\"},{\"name\":\"https\",\"status\":\"mocked\"},{\"name\":\"net\",\"status\":\"mocked\"}]"}}
[debug] [2026-01-30T14:32:46.494Z] [runtime-status] [70354] Resolved module firebase-functions {"declared":true,"installed":true,"version":"7.0.5","resolution":"/Users/Personal/Desktop/Dev/ReactNative/MealsToGo/functions/node_modules/firebase-functions/lib/v2/index.js"} {"metadata":{"emulator":{"name":"functions"},"function":{"name":"us-central1-api"},"extension":{},"message":"[runtime-status] [70354] Resolved module firebase-functions {\"declared\":true,\"installed\":true,\"version\":\"7.0.5\",\"resolution\":\"/Users/Personal/Desktop/Dev/ReactNative/MealsToGo/functions/node_modules/firebase-functions/lib/v2/index.js\"}"}}
[debug] [2026-01-30T14:32:46.494Z] [runtime-status] [70354] Detected firebase-functions v7+, skipping legacy stubs. {"metadata":{"emulator":{"name":"functions"},"function":{"name":"us-central1-api"},"extension":{},"message":"[runtime-status] [70354] Detected firebase-functions v7+, skipping legacy stubs."}}
[debug] [2026-01-30T14:32:46.495Z] [runtime-status] [70354] Resolved module firebase-admin {"declared":true,"installed":true,"version":"13.6.0","resolution":"/Users/Personal/Desktop/Dev/ReactNative/MealsToGo/functions/node_modules/firebase-admin/lib/index.js"} {"metadata":{"emulator":{"name":"functions"},"function":{"name":"us-central1-api"},"extension":{},"message":"[runtime-status] [70354] Resolved module firebase-admin {\"declared\":true,\"installed\":true,\"version\":\"13.6.0\",\"resolution\":\"/Users/Personal/Desktop/Dev/ReactNative/MealsToGo/functions/node_modules/firebase-admin/lib/index.js\"}"}}
[debug] [2026-01-30T14:32:46.527Z] [runtime-status] [70354] Resolved module firebase-functions {"declared":true,"installed":true,"version":"7.0.5","resolution":"/Users/Personal/Desktop/Dev/ReactNative/MealsToGo/functions/node_modules/firebase-functions/lib/v2/index.js"} {"metadata":{"emulator":{"name":"functions"},"function":{"name":"us-central1-api"},"extension":{},"message":"[runtime-status] [70354] Resolved module firebase-functions {\"declared\":true,\"installed\":true,\"version\":\"7.0.5\",\"resolution\":\"/Users/Personal/Desktop/Dev/ReactNative/MealsToGo/functions/node_modules/firebase-functions/lib/v2/index.js\"}"}}
[debug] [2026-01-30T14:32:46.642Z] [runtime-status] [70354] firebase-admin has been stubbed. {"adminResolution":{"declared":true,"installed":true,"version":"13.6.0","resolution":"/Users/Personal/Desktop/Dev/ReactNative/MealsToGo/functions/node_modules/firebase-admin/lib/index.js"}} {"metadata":{"emulator":{"name":"functions"},"function":{"name":"us-central1-api"},"extension":{},"message":"[runtime-status] [70354] firebase-admin has been stubbed. {\"adminResolution\":{\"declared\":true,\"installed\":true,\"version\":\"13.6.0\",\"resolution\":\"/Users/Personal/Desktop/Dev/ReactNative/MealsToGo/functions/node_modules/firebase-admin/lib/index.js\"}}"}}
[debug] [2026-01-30T14:32:46.730Z] [runtime-status] [70354] Functions runtime initialized. {"cwd":"/Users/Personal/Desktop/Dev/ReactNative/MealsToGo/functions","node_version":"20.19.4"} {"metadata":{"emulator":{"name":"functions"},"function":{"name":"us-central1-api"},"extension":{},"message":"[runtime-status] [70354] Functions runtime initialized. {\"cwd\":\"/Users/Personal/Desktop/Dev/ReactNative/MealsToGo/functions\",\"node_version\":\"20.19.4\"}"}}
[debug] [2026-01-30T14:32:46.731Z] [runtime-status] [70354] Listening to port: /var/folders/d6/hg5nlknj0qzg46kgp9tsrmph0000gp/T/fire_emu_e649b6f40f7dccea.sock {"metadata":{"emulator":{"name":"functions"},"function":{"name":"us-central1-api"},"extension":{},"message":"[runtime-status] [70354] Listening to port: /var/folders/d6/hg5nlknj0qzg46kgp9tsrmph0000gp/T/fire_emu_e649b6f40f7dccea.sock"}}
[debug] [2026-01-30T14:32:46.773Z] [worker-us-central1-api-c6effbc8-7093-4ab2-8943-66d764ebfadf]: IDLE {"metadata":{"emulator":{"name":"functions"},"function":{"name":"us-central1-api"},"extension":{},"message":"[worker-us-central1-api-c6effbc8-7093-4ab2-8943-66d764ebfadf]: IDLE"}}
[debug] [2026-01-30T14:32:46.773Z] [worker-pool] submitRequest(triggerId=us-central1-api) {"metadata":{"emulator":{"name":"functions"},"message":"[worker-pool] submitRequest(triggerId=us-central1-api)"}}
[info] i  functions: Beginning execution of "us-central1-api" {"metadata":{"emulator":{"name":"functions"},"function":{"name":"us-central1-api"},"extension":{},"message":"Beginning execution of \"us-central1-api\""}}
[debug] [2026-01-30T14:32:46.773Z] [worker-us-central1-api-c6effbc8-7093-4ab2-8943-66d764ebfadf]: BUSY {"metadata":{"emulator":{"name":"functions"},"function":{"name":"us-central1-api"},"extension":{},"message":"[worker-us-central1-api-c6effbc8-7093-4ab2-8943-66d764ebfadf]: BUSY"}}
[debug] [2026-01-30T14:32:46.776Z] Finishing up request with event=pause {"metadata":{"emulator":{"name":"functions"},"function":{"name":"us-central1-api"},"extension":{},"message":"Finishing up request with event=pause"}}
[info] i  functions: Finished "us-central1-api" in 2.808166ms {"metadata":{"emulator":{"name":"functions"},"function":{"name":"us-central1-api"},"extension":{},"message":"Finished \"us-central1-api\" in 2.808166ms"}}
[debug] [2026-01-30T14:32:46.776Z] [worker-us-central1-api-c6effbc8-7093-4ab2-8943-66d764ebfadf]: IDLE {"metadata":{"emulator":{"name":"functions"},"function":{"name":"us-central1-api"},"extension":{},"message":"[worker-us-central1-api-c6effbc8-7093-4ab2-8943-66d764ebfadf]: IDLE"}}
[debug] [2026-01-30T14:32:46.776Z] Finishing up request with event=finish {"metadata":{"emulator":{"name":"functions"},"function":{"name":"us-central1-api"},"extension":{},"message":"Finishing up request with event=finish"}}
[debug] [2026-01-30T14:32:46.776Z] Finishing up request with event=close {"metadata":{"emulator":{"name":"functions"},"function":{"name":"us-central1-api"},"extension":{},"message":"Finishing up request with event=close"}}
[debug] [2026-01-30T14:32:46.776Z] [work-queue] {"queuedWork":[],"queueLength":0,"runningWork":[],"workRunningCount":0}
[debug] [2026-01-30T14:32:51.988Z] [work-queue] {"queuedWork":["/mealstogo-3caed/us-central1/api/infinite-loop-2026-01-30T14:32:51.987Z"],"queueLength":1,"runningWork":[],"workRunningCount":0}
[debug] [2026-01-30T14:32:51.989Z] [work-queue] {"queuedWork":[],"queueLength":0,"runningWork":["/mealstogo-3caed/us-central1/api/infinite-loop-2026-01-30T14:32:51.987Z"],"workRunningCount":1}
[debug] [2026-01-30T14:32:51.989Z] Accepted request GET /mealstogo-3caed/us-central1/api/infinite-loop --> us-central1-api
[debug] [2026-01-30T14:32:51.990Z] [functions] Runtime ready! Sending request! {"metadata":{"emulator":{"name":"functions"},"message":"[functions] Runtime ready! Sending request!"}}
[debug] [2026-01-30T14:32:51.991Z] [functions] Got req.url=/mealstogo-3caed/us-central1/api/infinite-loop, mapping to path=/infinite-loop {"metadata":{"emulator":{"name":"functions"},"message":"[functions] Got req.url=/mealstogo-3caed/us-central1/api/infinite-loop, mapping to path=/infinite-loop"}}
[debug] [2026-01-30T14:32:51.991Z] [worker-pool] submitRequest(triggerId=us-central1-api) {"metadata":{"emulator":{"name":"functions"},"message":"[worker-pool] submitRequest(triggerId=us-central1-api)"}}
[info] i  functions: Beginning execution of "us-central1-api" {"metadata":{"emulator":{"name":"functions"},"function":{"name":"us-central1-api"},"extension":{},"message":"Beginning execution of \"us-central1-api\""}}
[debug] [2026-01-30T14:32:51.992Z] [worker-us-central1-api-c6effbc8-7093-4ab2-8943-66d764ebfadf]: BUSY {"metadata":{"emulator":{"name":"functions"},"function":{"name":"us-central1-api"},"extension":{},"message":"[worker-us-central1-api-c6effbc8-7093-4ab2-8943-66d764ebfadf]: BUSY"}}
[info] >  {"severity":"INFO","message":"Infinite loop request received"} {"user":{"severity":"INFO","message":"Infinite loop request received"},"metadata":{"emulator":{"name":"functions"},"function":{"name":"us-central1-api"},"extension":{},"message":"\u001b[90m> \u001b[39m {\"severity\":\"INFO\",\"message\":\"Infinite loop request received\"}"}}
[error] i  Your function timed out after ~60s. To configure this timeout, see
      https://firebase.google.com/docs/functions/manage-functions#set_timeout_and_memory_allocation. {"metadata":{"emulator":{"name":"functions"},"function":{"name":"us-central1-api"},"extension":{},"message":"Your function timed out after ~60s. To configure this timeout, see\n      https://firebase.google.com/docs/functions/manage-functions#set_timeout_and_memory_allocation."}}
[error] i  Request to function failed: Error: socket hang up {"metadata":{"emulator":{"name":"functions"},"function":{"name":"us-central1-api"},"extension":{},"message":"Request to function failed: Error: socket hang up"}}
[debug] [2026-01-30T14:33:52.010Z] [work-queue] {"queuedWork":[],"queueLength":0,"runningWork":[],"workRunningCount":0}
[debug] [2026-01-30T14:33:52.034Z] [worker-us-central1-api-c6effbc8-7093-4ab2-8943-66d764ebfadf]: exited {"metadata":{"emulator":{"name":"functions"},"function":{"name":"us-central1-api"},"extension":{},"message":"[worker-us-central1-api-c6effbc8-7093-4ab2-8943-66d764ebfadf]: exited"}}
[debug] [2026-01-30T14:33:52.035Z] [worker-us-central1-api-c6effbc8-7093-4ab2-8943-66d764ebfadf]: FINISHED {"metadata":{"emulator":{"name":"functions"},"function":{"name":"us-central1-api"},"extension":{},"message":"[worker-us-central1-api-c6effbc8-7093-4ab2-8943-66d764ebfadf]: FINISHED"}}
